#
# A fatal error has been detected by the Java Runtime Environment:
#
#  Internal Error (classFileParser.cpp:3494), pid=8340, tid=8012
#  Error: ShouldNotReachHere()
#
# JRE version: 6.0_31-b05
# Java VM: Java HotSpot(TM) 64-Bit Server VM (20.6-b01 mixed mode windows-amd64 compressed oops)
# If you would like to submit a bug report, please visit:
#   http://java.sun.com/webapps/bugreport/crash.jsp
#

---------------  T H R E A D  ---------------

Current thread (0x000000000031b800):  JavaThread "Unknown thread" [_thread_in_vm, id=8012, stack(0x00000000024b0000,0x00000000025b0000)]

Stack: [0x00000000024b0000,0x00000000025b0000]
[error occurred during error reporting (printing stack bounds), id 0xc0000005]


---------------  P R O C E S S  ---------------

Java Threads: ( => current thread )

Other Threads:

=>0x000000000031b800 (exited) JavaThread "Unknown thread" [_thread_in_vm, id=8012, stack(0x00000000024b0000,0x00000000025b0000)]

VM state:not at safepoint (not fully initialized)

VM Mutex/Monitor currently owned by a thread: None

Dynamic libraries:
0x0000000000400000 - 0x000000000042f000 	D:\JDK\bin\javaw.exe
0x0000000077260000 - 0x0000000077409000 	C:\Windows\SYSTEM32\ntdll.dll
0x0000000077040000 - 0x000000007715f000 	C:\Windows\system32\kernel32.dll
0x000007fefd280000 - 0x000007fefd2eb000 	C:\Windows\system32\KERNELBASE.dll
0x000007feff490000 - 0x000007feff56b000 	C:\Windows\system32\ADVAPI32.dll
0x000007fefe780000 - 0x000007fefe81f000 	C:\Windows\system32\msvcrt.dll
0x000007feff2f0000 - 0x000007feff30f000 	C:\Windows\SYSTEM32\sechost.dll
0x000007fefefb0000 - 0x000007feff0dd000 	C:\Windows\system32\RPCRT4.dll
0x0000000077160000 - 0x000000007725a000 	C:\Windows\system32\USER32.dll
0x000007feff420000 - 0x000007feff487000 	C:\Windows\system32\GDI32.dll
0x000007fefe8d0000 - 0x000007fefe8de000 	C:\Windows\system32\LPK.dll
0x000007fefee20000 - 0x000007fefeee9000 	C:\Windows\system32\USP10.dll
0x000007fefe750000 - 0x000007fefe77e000 	C:\Windows\system32\IMM32.DLL
0x000007feff310000 - 0x000007feff419000 	C:\Windows\system32\MSCTF.dll
0x000000006d8b0000 - 0x000000006e068000 	D:\JDK\jre\bin\server\jvm.dll
0x000007fefaef0000 - 0x000007fefaf2b000 	C:\Windows\system32\WINMM.dll
0x000000006d820000 - 0x000000006d82e000 	D:\JDK\jre\bin\verify.dll
0x000000006d450000 - 0x000000006d477000 	D:\JDK\jre\bin\java.dll
0x000000006d870000 - 0x000000006d882000 	D:\JDK\jre\bin\zip.dll
0x0000000077420000 - 0x0000000077427000 	C:\Windows\system32\PSAPI.DLL

VM Arguments:
jvm_args: -Dfile.encoding=UTF-8 -Xbootclasspath:C:\Users\pengjun.pj\Downloads\adt-bundle-windows-x86_64-20130219\sdk\platforms\android-10\android.jar 
java_command: com.pengjun.ka.net.KaServer
Launcher Type: SUN_STANDARD

Environment Variables:
JAVA_HOME=D:\JDK
PATH=D:/JDK/bin/../jre/bin/server;D:/JDK/bin/../jre/bin;D:/JDK/bin/../jre/lib/amd64;D:\application\python2.7.3;D:\sourcecode\depot_tools;C:\Users\pengjun.pj\Downloads\adt-bundle-windows-x86_64-20130219\sdk\tools;D:\sourcecode\OpenCV2.3\build\bin;D:\sourcecode\OpenCV2.3\build\x86\vc10\bin;D:\cygwin\bin;C:\Users\pengjun.pj\Downloads\android-ndk-r8e;C:\Program Files (x86)\Common Files\NetSarang;D:\setup\apache-maven-3.0.5\bin;D:\JDK\bin;D:\JDK\jre\bin;C:\Windows\system32;C:\Windows;C:\Windows\System32\Wbem;C:\Windows\System32\WindowsPowerShell\v1.0\;D:\application\SVN\bin;C:\Program Files (x86)\yunos\zhushou\2.1.0.2979\acb;D:\application\bin;C:\Program Files (x86)\Microsoft SQL Server\100\Tools\Binn\;C:\Program Files\Microsoft SQL Server\100\Tools\Binn\;C:\Program Files\Microsoft SQL Server\100\DTS\Binn\;C:\Users\pengjun.pj\Downloads\adt-bundle-windows-x86_64-20130219\sdk\\platform-tools;C:\Program Files (x86)\SSH Communications Security\SSH Secure Shell;D:\eclipse;
USERNAME=pengjun.pj
OS=Windows_NT
PROCESSOR_IDENTIFIER=Intel64 Family 6 Model 23 Stepping 10, GenuineIntel



---------------  S Y S T E M  ---------------

OS: Windows 7 , 64 bit Build 7601 Service Pack 1

CPU:total 2 (2 cores per cpu, 1 threads per core) family 6 model 23 stepping 10, cmov, cx8, fxsr, mmx, sse, sse2, sse3, ssse3, sse4.1

Memory: 4k page, physical 4126904k(979044k free), swap 8251952k(2827696k free)

vm_info: Java HotSpot(TM) 64-Bit Server VM (20.6-b01) for windows-amd64 JRE (1.6.0_31-b05), built on Feb  3 2012 18:34:57 by "java_re" with MS VC++ 8.0 (VS2005)

time: Thu Aug 22 14:25:26 2013
elapsed time: 0 seconds

